#
# There is insufficient memory for the Java Runtime Environment to continue.
# Native memory allocation (malloc) failed to allocate 1108816 bytes for Chunk::new
# Possible reasons:
#   The system is out of physical RAM or swap space
#   The process is running with CompressedOops enabled, and the Java Heap may be blocking the growth of the native heap
# Possible solutions:
#   Reduce memory load on the system
#   Increase physical memory or swap space
#   Check if swap backing store is full
#   Decrease Java heap size (-Xmx/-Xms)
#   Decrease number of Java threads
#   Decrease Java thread stack sizes (-Xss)
#   Set larger code cache with -XX:ReservedCodeCacheSize=
#   JVM is running with Unscaled Compressed Oops mode in which the Java heap is
#     placed in the first 4GB address space. The Java Heap base address is the
#     maximum limit for the native heap growth. Please use -XX:HeapBaseMinAddress
#     to set the Java Heap base and to place the Java Heap above 4GB virtual address.
# This output file may be truncated or incomplete.
#
#  Out of Memory Error (arena.cpp:189), pid=1340, tid=6592
#
# JRE version: OpenJDK Runtime Environment Corretto-17.0.7.7.1 (17.0.7+7) (build 17.0.7+7-LTS)
# Java VM: OpenJDK 64-Bit Server VM Corretto-17.0.7.7.1 (17.0.7+7-LTS, mixed mode, sharing, tiered, compressed oops, compressed class ptrs, g1 gc, windows-amd64)
# No core dump will be written. Minidumps are not enabled by default on client versions of Windows
#

---------------  S U M M A R Y ------------

Command Line: -javaagent:C:\Program Files\JetBrains\IntelliJ IDEA Community Edition 2022.3.2\lib\idea_rt.jar=51566:C:\Program Files\JetBrains\IntelliJ IDEA Community Edition 2022.3.2\bin -Dfile.encoding=UTF-8 com.example.telegrambot.TelegramBotApplication

Host: Intel(R) Core(TM) i7-2670QM CPU @ 2.20GHz, 8 cores, 7G,  Windows 7 , 64 bit Build 7601 (6.1.7601.24335)
Time: Wed May 10 14:52:47 2023 Финляндия (лето) elapsed time: 33.435103 seconds (0d 0h 0m 33s)

---------------  T H R E A D  ---------------

Current thread (0x000000002ff37cf0):  JavaThread "C2 CompilerThread1" daemon [_thread_in_native, id=6592, stack(0x0000000030eb0000,0x0000000030fb0000)]


Current CompileTask:
C2:  33435 2115       4       jdk.internal.module.SystemModuleFinders$SystemModuleReader::find (59 bytes)

Stack: [0x0000000030eb0000,0x0000000030fb0000]
Native frames: (J=compiled Java code, j=interpreted, Vv=VM code, C=native code)
V  [jvm.dll+0x64b53a]
V  [jvm.dll+0x7fef54]
V  [jvm.dll+0x80070e]
V  [jvm.dll+0x800d63]
V  [jvm.dll+0x236a2b]
V  [jvm.dll+0xbd47c]
V  [jvm.dll+0xbda5c]
V  [jvm.dll+0x350c37]
V  [jvm.dll+0x1b1592]
V  [jvm.dll+0x20addf]
V  [jvm.dll+0x20a287]
V  [jvm.dll+0x19a2ed]
V  [jvm.dll+0x21967d]
V  [jvm.dll+0x2178c4]
V  [jvm.dll+0x7b7dcb]
V  [jvm.dll+0x7b237a]
V  [jvm.dll+0x64a3a5]
C  [ucrtbase.DLL+0x203ba]
C  [kernel32.dll+0x159cd]
C  [ntdll.dll+0x5385d]


---------------  P R O C E S S  ---------------

Threads class SMR info:
_java_thread_list=0x000000002fff56e0, length=15, elements={
0x0000000000398aa0, 0x00000000218f42f0, 0x00000000218f4c40, 0x00000000219058d0,
0x0000000021905da0, 0x00000000219063b0, 0x000000002191ba00, 0x0000000021909fb0,
0x000000002190a570, 0x000000002192beb0, 0x0000000026994dd0, 0x0000000026d04770,
0x0000000026d4f1f0, 0x000000002ff37cf0, 0x000000002fe38fe0
}

Java Threads: ( => current thread )
  0x0000000000398aa0 JavaThread "main" [_thread_in_native, id=6816, stack(0x0000000002200000,0x0000000002300000)]
  0x00000000218f42f0 JavaThread "Reference Handler" daemon [_thread_blocked, id=5140, stack(0x0000000021b50000,0x0000000021c50000)]
  0x00000000218f4c40 JavaThread "Finalizer" daemon [_thread_blocked, id=4592, stack(0x0000000021c80000,0x0000000021d80000)]
  0x00000000219058d0 JavaThread "Signal Dispatcher" daemon [_thread_blocked, id=8044, stack(0x00000000260a0000,0x00000000261a0000)]
  0x0000000021905da0 JavaThread "Attach Listener" daemon [_thread_blocked, id=584, stack(0x0000000026270000,0x0000000026370000)]
  0x00000000219063b0 JavaThread "Service Thread" daemon [_thread_blocked, id=1352, stack(0x00000000263e0000,0x00000000264e0000)]
  0x000000002191ba00 JavaThread "Monitor Deflation Thread" daemon [_thread_blocked, id=516, stack(0x0000000026530000,0x0000000026630000)]
  0x0000000021909fb0 JavaThread "C2 CompilerThread0" daemon [_thread_in_native, id=6372, stack(0x0000000021e60000,0x0000000021f60000)]
  0x000000002190a570 JavaThread "C1 CompilerThread0" daemon [_thread_blocked, id=5284, stack(0x00000000266c0000,0x00000000267c0000)]
  0x000000002192beb0 JavaThread "Sweeper thread" daemon [_thread_blocked, id=6480, stack(0x0000000026850000,0x0000000026950000)]
  0x0000000026994dd0 JavaThread "Common-Cleaner" daemon [_thread_blocked, id=7716, stack(0x0000000026da0000,0x0000000026ea0000)]
  0x0000000026d04770 JavaThread "Monitor Ctrl-Break" daemon [_thread_in_native, id=6964, stack(0x0000000026ee0000,0x0000000026fe0000)]
  0x0000000026d4f1f0 JavaThread "Notification Thread" daemon [_thread_blocked, id=6508, stack(0x00000000279e0000,0x0000000027ae0000)]
=>0x000000002ff37cf0 JavaThread "C2 CompilerThread1" daemon [_thread_in_native, id=6592, stack(0x0000000030eb0000,0x0000000030fb0000)]
  0x000000002fe38fe0 JavaThread "C2 CompilerThread2" daemon [_thread_in_native, id=7376, stack(0x00000000323b0000,0x00000000324b0000)]

Other Threads:
  0x000000001e98f120 VMThread "VM Thread" [stack: 0x0000000021a10000,0x0000000021b10000] [id=6120]
  0x0000000000399960 WatcherThread [stack: 0x0000000027b50000,0x0000000027c50000] [id=4600]
  0x00000000003cfa60 GCTaskThread "GC Thread#0" [stack: 0x000000001eb30000,0x000000001ec30000] [id=6076]
  0x00000000278d8ce0 GCTaskThread "GC Thread#1" [stack: 0x00000000306e0000,0x00000000307e0000] [id=5640]
  0x0000000027864970 GCTaskThread "GC Thread#2" [stack: 0x0000000030960000,0x0000000030a60000] [id=7944]
  0x00000000278b8550 GCTaskThread "GC Thread#3" [stack: 0x0000000030860000,0x0000000030960000] [id=7772]
  0x00000000278ba800 GCTaskThread "GC Thread#4" [stack: 0x0000000030ba0000,0x0000000030ca0000] [id=6464]
  0x00000000278baf30 GCTaskThread "GC Thread#5" [stack: 0x0000000030cb0000,0x0000000030db0000] [id=140]
  0x000000002f7296d0 GCTaskThread "GC Thread#6" [stack: 0x0000000030fd0000,0x00000000310d0000] [id=6888]
  0x000000002f904740 GCTaskThread "GC Thread#7" [stack: 0x0000000032250000,0x0000000032350000] [id=1008]
  0x000000001e8cb830 ConcurrentGCThread "G1 Main Marker" [stack: 0x000000001e9f0000,0x000000001eaf0000] [id=7644]
  0x000000001e8ce8f0 ConcurrentGCThread "G1 Conc#0" [stack: 0x000000001ec50000,0x000000001ed50000] [id=7928]
  0x000000001e966120 ConcurrentGCThread "G1 Refine#0" [stack: 0x00000000215d0000,0x00000000216d0000] [id=6960]
  0x000000001e966500 ConcurrentGCThread "G1 Service" [stack: 0x00000000216d0000,0x00000000217d0000] [id=2612]

Threads with active compile tasks:
C2 CompilerThread0    33708 2234       4       jdk.internal.jimage.ImageLocation::verify (218 bytes)
C2 CompilerThread1    33708 2115       4       jdk.internal.module.SystemModuleFinders$SystemModuleReader::find (59 bytes)
C2 CompilerThread2    33708 2138       4       jdk.internal.module.SystemModuleFinders$SystemModuleReader::containsImageLocation (42 bytes)

VM state: not at safepoint (normal execution)

VM Mutex/Monitor currently owned by a thread: None

Heap address: 0x0000000082400000, size: 2012 MB, Compressed Oops mode: 32-bit

CDS archive(s) mapped at: [0x0000000800000000-0x0000000800bc0000-0x0000000800bc0000), size 12320768, SharedBaseAddress: 0x0000000800000000, ArchiveRelocationMode: 0.
Compressed class space mapped at: 0x0000000801000000-0x0000000841000000, reserved size: 1073741824
Narrow klass base: 0x0000000800000000, Narrow klass shift: 0, Narrow klass range: 0x100000000

GC Precious Log:
 CPUs: 8 total, 8 available
 Memory: 8043M
 Large Page Support: Disabled
 NUMA Support: Disabled
 Compressed Oops: Enabled (32-bit)
 Heap Region Size: 1M
 Heap Min Capacity: 8M
 Heap Initial Capacity: 126M
 Heap Max Capacity: 2012M
 Pre-touch: Disabled
 Parallel Workers: 8
 Concurrent Workers: 2
 Concurrent Refinement Workers: 8
 Periodic GC: Disabled

Heap:
 garbage-first heap   total 129024K, used 31967K [0x0000000082400000, 0x0000000100000000)
  region size 1024K, 28 young (28672K), 3 survivors (3072K)
 Metaspace       used 16903K, committed 17088K, reserved 1114112K
  class space    used 2084K, committed 2176K, reserved 1048576K

Heap Regions: E=young(eden), S=young(survivor), O=old, HS=humongous(starts), HC=humongous(continues), CS=collection set, F=free, OA=open archive, CA=closed archive, TAMS=top-at-mark-start (previous, next)
|   0|0x0000000082400000, 0x0000000082500000, 0x0000000082500000|100%| O|  |TAMS 0x0000000082400000, 0x0000000082400000| Untracked 
|   1|0x0000000082500000, 0x0000000082600000, 0x0000000082600000|100%| O|  |TAMS 0x0000000082500000, 0x0000000082500000| Untracked 
|   2|0x0000000082600000, 0x0000000082700000, 0x0000000082700000|100%| O|  |TAMS 0x0000000082600000, 0x0000000082600000| Untracked 
|   3|0x0000000082700000, 0x0000000082800000, 0x0000000082800000|100%| O|  |TAMS 0x0000000082700000, 0x0000000082700000| Untracked 
|   4|0x0000000082800000, 0x0000000082900000, 0x0000000082900000|100%| O|  |TAMS 0x0000000082800000, 0x0000000082800000| Untracked 
|   5|0x0000000082900000, 0x00000000829fbe00, 0x0000000082a00000| 98%| O|  |TAMS 0x0000000082900000, 0x0000000082900000| Untracked 
|   6|0x0000000082a00000, 0x0000000082a00000, 0x0000000082b00000|  0%| F|  |TAMS 0x0000000082a00000, 0x0000000082a00000| Untracked 
|   7|0x0000000082b00000, 0x0000000082b00000, 0x0000000082c00000|  0%| F|  |TAMS 0x0000000082b00000, 0x0000000082b00000| Untracked 
|   8|0x0000000082c00000, 0x0000000082c00000, 0x0000000082d00000|  0%| F|  |TAMS 0x0000000082c00000, 0x0000000082c00000| Untracked 
|   9|0x0000000082d00000, 0x0000000082d00000, 0x0000000082e00000|  0%| F|  |TAMS 0x0000000082d00000, 0x0000000082d00000| Untracked 
|  10|0x0000000082e00000, 0x0000000082e00000, 0x0000000082f00000|  0%| F|  |TAMS 0x0000000082e00000, 0x0000000082e00000| Untracked 
|  11|0x0000000082f00000, 0x0000000082f00000, 0x0000000083000000|  0%| F|  |TAMS 0x0000000082f00000, 0x0000000082f00000| Untracked 
|  12|0x0000000083000000, 0x0000000083000000, 0x0000000083100000|  0%| F|  |TAMS 0x0000000083000000, 0x0000000083000000| Untracked 
|  13|0x0000000083100000, 0x0000000083100000, 0x0000000083200000|  0%| F|  |TAMS 0x0000000083100000, 0x0000000083100000| Untracked 
|  14|0x0000000083200000, 0x0000000083200000, 0x0000000083300000|  0%| F|  |TAMS 0x0000000083200000, 0x0000000083200000| Untracked 
|  15|0x0000000083300000, 0x0000000083300000, 0x0000000083400000|  0%| F|  |TAMS 0x0000000083300000, 0x0000000083300000| Untracked 
|  16|0x0000000083400000, 0x0000000083400000, 0x0000000083500000|  0%| F|  |TAMS 0x0000000083400000, 0x0000000083400000| Untracked 
|  17|0x0000000083500000, 0x0000000083500000, 0x0000000083600000|  0%| F|  |TAMS 0x0000000083500000, 0x0000000083500000| Untracked 
|  18|0x0000000083600000, 0x0000000083600000, 0x0000000083700000|  0%| F|  |TAMS 0x0000000083600000, 0x0000000083600000| Untracked 
|  19|0x0000000083700000, 0x0000000083700000, 0x0000000083800000|  0%| F|  |TAMS 0x0000000083700000, 0x0000000083700000| Untracked 
|  20|0x0000000083800000, 0x0000000083800000, 0x0000000083900000|  0%| F|  |TAMS 0x0000000083800000, 0x0000000083800000| Untracked 
|  21|0x0000000083900000, 0x0000000083900000, 0x0000000083a00000|  0%| F|  |TAMS 0x0000000083900000, 0x0000000083900000| Untracked 
|  22|0x0000000083a00000, 0x0000000083a00000, 0x0000000083b00000|  0%| F|  |TAMS 0x0000000083a00000, 0x0000000083a00000| Untracked 
|  23|0x0000000083b00000, 0x0000000083b00000, 0x0000000083c00000|  0%| F|  |TAMS 0x0000000083b00000, 0x0000000083b00000| Untracked 
|  24|0x0000000083c00000, 0x0000000083c00000, 0x0000000083d00000|  0%| F|  |TAMS 0x0000000083c00000, 0x0000000083c00000| Untracked 
|  25|0x0000000083d00000, 0x0000000083d00000, 0x0000000083e00000|  0%| F|  |TAMS 0x0000000083d00000, 0x0000000083d00000| Untracked 
|  26|0x0000000083e00000, 0x0000000083e00000, 0x0000000083f00000|  0%| F|  |TAMS 0x0000000083e00000, 0x0000000083e00000| Untracked 
|  27|0x0000000083f00000, 0x0000000083f00000, 0x0000000084000000|  0%| F|  |TAMS 0x0000000083f00000, 0x0000000083f00000| Untracked 
|  28|0x0000000084000000, 0x0000000084000000, 0x0000000084100000|  0%| F|  |TAMS 0x0000000084000000, 0x0000000084000000| Untracked 
|  29|0x0000000084100000, 0x0000000084100000, 0x0000000084200000|  0%| F|  |TAMS 0x0000000084100000, 0x0000000084100000| Untracked 
|  30|0x0000000084200000, 0x0000000084200000, 0x0000000084300000|  0%| F|  |TAMS 0x0000000084200000, 0x0000000084200000| Untracked 
|  31|0x0000000084300000, 0x0000000084300000, 0x0000000084400000|  0%| F|  |TAMS 0x0000000084300000, 0x0000000084300000| Untracked 
|  32|0x0000000084400000, 0x0000000084400000, 0x0000000084500000|  0%| F|  |TAMS 0x0000000084400000, 0x0000000084400000| Untracked 
|  33|0x0000000084500000, 0x0000000084500000, 0x0000000084600000|  0%| F|  |TAMS 0x0000000084500000, 0x0000000084500000| Untracked 
|  34|0x0000000084600000, 0x0000000084600000, 0x0000000084700000|  0%| F|  |TAMS 0x0000000084600000, 0x0000000084600000| Untracked 
|  35|0x0000000084700000, 0x0000000084700000, 0x0000000084800000|  0%| F|  |TAMS 0x0000000084700000, 0x0000000084700000| Untracked 
|  36|0x0000000084800000, 0x0000000084800000, 0x0000000084900000|  0%| F|  |TAMS 0x0000000084800000, 0x0000000084800000| Untracked 
|  37|0x0000000084900000, 0x0000000084900000, 0x0000000084a00000|  0%| F|  |TAMS 0x0000000084900000, 0x0000000084900000| Untracked 
|  38|0x0000000084a00000, 0x0000000084a00000, 0x0000000084b00000|  0%| F|  |TAMS 0x0000000084a00000, 0x0000000084a00000| Untracked 
|  39|0x0000000084b00000, 0x0000000084b00000, 0x0000000084c00000|  0%| F|  |TAMS 0x0000000084b00000, 0x0000000084b00000| Untracked 
|  40|0x0000000084c00000, 0x0000000084c00000, 0x0000000084d00000|  0%| F|  |TAMS 0x0000000084c00000, 0x0000000084c00000| Untracked 
|  41|0x0000000084d00000, 0x0000000084d00000, 0x0000000084e00000|  0%| F|  |TAMS 0x0000000084d00000, 0x0000000084d00000| Untracked 
|  42|0x0000000084e00000, 0x0000000084e00000, 0x0000000084f00000|  0%| F|  |TAMS 0x0000000084e00000, 0x0000000084e00000| Untracked 
|  43|0x0000000084f00000, 0x0000000084f00000, 0x0000000085000000|  0%| F|  |TAMS 0x0000000084f00000, 0x0000000084f00000| Untracked 
|  44|0x0000000085000000, 0x0000000085000000, 0x0000000085100000|  0%| F|  |TAMS 0x0000000085000000, 0x0000000085000000| Untracked 
|  45|0x0000000085100000, 0x0000000085100000, 0x0000000085200000|  0%| F|  |TAMS 0x0000000085100000, 0x0000000085100000| Untracked 
|  46|0x0000000085200000, 0x0000000085200000, 0x0000000085300000|  0%| F|  |TAMS 0x0000000085200000, 0x0000000085200000| Untracked 
|  47|0x0000000085300000, 0x0000000085300000, 0x0000000085400000|  0%| F|  |TAMS 0x0000000085300000, 0x0000000085300000| Untracked 
|  48|0x0000000085400000, 0x0000000085400000, 0x0000000085500000|  0%| F|  |TAMS 0x0000000085400000, 0x0000000085400000| Untracked 
|  49|0x0000000085500000, 0x0000000085500000, 0x0000000085600000|  0%| F|  |TAMS 0x0000000085500000, 0x0000000085500000| Untracked 
|  50|0x0000000085600000, 0x0000000085600000, 0x0000000085700000|  0%| F|  |TAMS 0x0000000085600000, 0x0000000085600000| Untracked 
|  51|0x0000000085700000, 0x0000000085700000, 0x0000000085800000|  0%| F|  |TAMS 0x0000000085700000, 0x0000000085700000| Untracked 
|  52|0x0000000085800000, 0x0000000085800000, 0x0000000085900000|  0%| F|  |TAMS 0x0000000085800000, 0x0000000085800000| Untracked 
|  53|0x0000000085900000, 0x0000000085900000, 0x0000000085a00000|  0%| F|  |TAMS 0x0000000085900000, 0x0000000085900000| Untracked 
|  54|0x0000000085a00000, 0x0000000085a00000, 0x0000000085b00000|  0%| F|  |TAMS 0x0000000085a00000, 0x0000000085a00000| Untracked 
|  55|0x0000000085b00000, 0x0000000085b00000, 0x0000000085c00000|  0%| F|  |TAMS 0x0000000085b00000, 0x0000000085b00000| Untracked 
|  56|0x0000000085c00000, 0x0000000085c00000, 0x0000000085d00000|  0%| F|  |TAMS 0x0000000085c00000, 0x0000000085c00000| Untracked 
|  57|0x0000000085d00000, 0x0000000085d00000, 0x0000000085e00000|  0%| F|  |TAMS 0x0000000085d00000, 0x0000000085d00000| Untracked 
|  58|0x0000000085e00000, 0x0000000085e00000, 0x0000000085f00000|  0%| F|  |TAMS 0x0000000085e00000, 0x0000000085e00000| Untracked 
|  59|0x0000000085f00000, 0x0000000085f00000, 0x0000000086000000|  0%| F|  |TAMS 0x0000000085f00000, 0x0000000085f00000| Untracked 
|  60|0x0000000086000000, 0x0000000086000000, 0x0000000086100000|  0%| F|  |TAMS 0x0000000086000000, 0x0000000086000000| Untracked 
|  61|0x0000000086100000, 0x0000000086100000, 0x0000000086200000|  0%| F|  |TAMS 0x0000000086100000, 0x0000000086100000| Untracked 
|  62|0x0000000086200000, 0x0000000086200000, 0x0000000086300000|  0%| F|  |TAMS 0x0000000086200000, 0x0000000086200000| Untracked 
|  63|0x0000000086300000, 0x0000000086300000, 0x0000000086400000|  0%| F|  |TAMS 0x0000000086300000, 0x0000000086300000| Untracked 
|  64|0x0000000086400000, 0x0000000086400000, 0x0000000086500000|  0%| F|  |TAMS 0x0000000086400000, 0x0000000086400000| Untracked 
|  65|0x0000000086500000, 0x0000000086500000, 0x0000000086600000|  0%| F|  |TAMS 0x0000000086500000, 0x0000000086500000| Untracked 
|  66|0x0000000086600000, 0x0000000086600000, 0x0000000086700000|  0%| F|  |TAMS 0x0000000086600000, 0x0000000086600000| Untracked 
|  67|0x0000000086700000, 0x0000000086700000, 0x0000000086800000|  0%| F|  |TAMS 0x0000000086700000, 0x0000000086700000| Untracked 
|  68|0x0000000086800000, 0x0000000086800000, 0x0000000086900000|  0%| F|  |TAMS 0x0000000086800000, 0x0000000086800000| Untracked 
|  69|0x0000000086900000, 0x0000000086900000, 0x0000000086a00000|  0%| F|  |TAMS 0x0000000086900000, 0x0000000086900000| Untracked 
|  70|0x0000000086a00000, 0x0000000086a00000, 0x0000000086b00000|  0%| F|  |TAMS 0x0000000086a00000, 0x0000000086a00000| Untracked 
|  71|0x0000000086b00000, 0x0000000086b00000, 0x0000000086c00000|  0%| F|  |TAMS 0x0000000086b00000, 0x0000000086b00000| Untracked 
|  72|0x0000000086c00000, 0x0000000086c00000, 0x0000000086d00000|  0%| F|  |TAMS 0x0000000086c00000, 0x0000000086c00000| Untracked 
|  73|0x0000000086d00000, 0x0000000086d00000, 0x0000000086e00000|  0%| F|  |TAMS 0x0000000086d00000, 0x0000000086d00000| Untracked 
|  74|0x0000000086e00000, 0x0000000086e00000, 0x0000000086f00000|  0%| F|  |TAMS 0x0000000086e00000, 0x0000000086e00000| Untracked 
|  75|0x0000000086f00000, 0x0000000086f00000, 0x0000000087000000|  0%| F|  |TAMS 0x0000000086f00000, 0x0000000086f00000| Untracked 
|  76|0x0000000087000000, 0x0000000087000000, 0x0000000087100000|  0%| F|  |TAMS 0x0000000087000000, 0x0000000087000000| Untracked 
|  77|0x0000000087100000, 0x0000000087100000, 0x0000000087200000|  0%| F|  |TAMS 0x0000000087100000, 0x0000000087100000| Untracked 
|  78|0x0000000087200000, 0x0000000087200000, 0x0000000087300000|  0%| F|  |TAMS 0x0000000087200000, 0x0000000087200000| Untracked 
|  79|0x0000000087300000, 0x0000000087300000, 0x0000000087400000|  0%| F|  |TAMS 0x0000000087300000, 0x0000000087300000| Untracked 
|  80|0x0000000087400000, 0x0000000087400000, 0x0000000087500000|  0%| F|  |TAMS 0x0000000087400000, 0x0000000087400000| Untracked 
|  81|0x0000000087500000, 0x0000000087500000, 0x0000000087600000|  0%| F|  |TAMS 0x0000000087500000, 0x0000000087500000| Untracked 
|  82|0x0000000087600000, 0x0000000087600000, 0x0000000087700000|  0%| F|  |TAMS 0x0000000087600000, 0x0000000087600000| Untracked 
|  83|0x0000000087700000, 0x0000000087700000, 0x0000000087800000|  0%| F|  |TAMS 0x0000000087700000, 0x0000000087700000| Untracked 
|  84|0x0000000087800000, 0x0000000087800000, 0x0000000087900000|  0%| F|  |TAMS 0x0000000087800000, 0x0000000087800000| Untracked 
|  85|0x0000000087900000, 0x0000000087900000, 0x0000000087a00000|  0%| F|  |TAMS 0x0000000087900000, 0x0000000087900000| Untracked 
|  86|0x0000000087a00000, 0x0000000087a00000, 0x0000000087b00000|  0%| F|  |TAMS 0x0000000087a00000, 0x0000000087a00000| Untracked 
|  87|0x0000000087b00000, 0x0000000087b00000, 0x0000000087c00000|  0%| F|  |TAMS 0x0000000087b00000, 0x0000000087b00000| Untracked 
|  88|0x0000000087c00000, 0x0000000087c00000, 0x0000000087d00000|  0%| F|  |TAMS 0x0000000087c00000, 0x0000000087c00000| Untracked 
|  89|0x0000000087d00000, 0x0000000087d00000, 0x0000000087e00000|  0%| F|  |TAMS 0x0000000087d00000, 0x0000000087d00000| Untracked 
|  90|0x0000000087e00000, 0x0000000087e00000, 0x0000000087f00000|  0%| F|  |TAMS 0x0000000087e00000, 0x0000000087e00000| Untracked 
|  91|0x0000000087f00000, 0x0000000087f00000, 0x0000000088000000|  0%| F|  |TAMS 0x0000000087f00000, 0x0000000087f00000| Untracked 
|  92|0x0000000088000000, 0x000000008803c138, 0x0000000088100000| 23%| S|CS|TAMS 0x0000000088000000, 0x0000000088000000| Complete 
|  93|0x0000000088100000, 0x0000000088200000, 0x0000000088200000|100%| S|CS|TAMS 0x0000000088100000, 0x0000000088100000| Complete 
|  94|0x0000000088200000, 0x0000000088300000, 0x0000000088300000|100%| S|CS|TAMS 0x0000000088200000, 0x0000000088200000| Complete 
|  95|0x0000000088300000, 0x0000000088300000, 0x0000000088400000|  0%| F|  |TAMS 0x0000000088300000, 0x0000000088300000| Untracked 
|  96|0x0000000088400000, 0x0000000088400000, 0x0000000088500000|  0%| F|  |TAMS 0x0000000088400000, 0x0000000088400000| Untracked 
|  97|0x0000000088500000, 0x0000000088500000, 0x0000000088600000|  0%| F|  |TAMS 0x0000000088500000, 0x0000000088500000| Untracked 
|  98|0x0000000088600000, 0x0000000088600000, 0x0000000088700000|  0%| F|  |TAMS 0x0000000088600000, 0x0000000088600000| Untracked 
|  99|0x0000000088700000, 0x0000000088700000, 0x0000000088800000|  0%| F|  |TAMS 0x0000000088700000, 0x0000000088700000| Untracked 
| 100|0x0000000088800000, 0x0000000088800000, 0x0000000088900000|  0%| F|  |TAMS 0x0000000088800000, 0x0000000088800000| Untracked 
| 101|0x0000000088900000, 0x0000000088a00000, 0x0000000088a00000|100%| E|  |TAMS 0x0000000088900000, 0x0000000088900000| Complete 
| 102|0x0000000088a00000, 0x0000000088b00000, 0x0000000088b00000|100%| E|CS|TAMS 0x0000000088a00000, 0x0000000088a00000| Complete 
| 103|0x0000000088b00000, 0x0000000088c00000, 0x0000000088c00000|100%| E|CS|TAMS 0x0000000088b00000, 0x0000000088b00000| Complete 
| 104|0x0000000088c00000, 0x0000000088d00000, 0x0000000088d00000|100%| E|CS|TAMS 0x0000000088c00000, 0x0000000088c00000| Complete 
| 105|0x0000000088d00000, 0x0000000088e00000, 0x0000000088e00000|100%| E|CS|TAMS 0x0000000088d00000, 0x0000000088d00000| Complete 
| 106|0x0000000088e00000, 0x0000000088f00000, 0x0000000088f00000|100%| E|CS|TAMS 0x0000000088e00000, 0x0000000088e00000| Complete 
| 107|0x0000000088f00000, 0x0000000089000000, 0x0000000089000000|100%| E|CS|TAMS 0x0000000088f00000, 0x0000000088f00000| Complete 
| 108|0x0000000089000000, 0x0000000089100000, 0x0000000089100000|100%| E|CS|TAMS 0x0000000089000000, 0x0000000089000000| Complete 
| 109|0x0000000089100000, 0x0000000089200000, 0x0000000089200000|100%| E|CS|TAMS 0x0000000089100000, 0x0000000089100000| Complete 
| 110|0x0000000089200000, 0x0000000089300000, 0x0000000089300000|100%| E|CS|TAMS 0x0000000089200000, 0x0000000089200000| Complete 
| 111|0x0000000089300000, 0x0000000089400000, 0x0000000089400000|100%| E|CS|TAMS 0x0000000089300000, 0x0000000089300000| Complete 
| 112|0x0000000089400000, 0x0000000089500000, 0x0000000089500000|100%| E|CS|TAMS 0x0000000089400000, 0x0000000089400000| Complete 
| 113|0x0000000089500000, 0x0000000089600000, 0x0000000089600000|100%| E|CS|TAMS 0x0000000089500000, 0x0000000089500000| Complete 
| 114|0x0000000089600000, 0x0000000089700000, 0x0000000089700000|100%| E|CS|TAMS 0x0000000089600000, 0x0000000089600000| Complete 
| 115|0x0000000089700000, 0x0000000089800000, 0x0000000089800000|100%| E|  |TAMS 0x0000000089700000, 0x0000000089700000| Complete 
| 116|0x0000000089800000, 0x0000000089900000, 0x0000000089900000|100%| E|CS|TAMS 0x0000000089800000, 0x0000000089800000| Complete 
| 117|0x0000000089900000, 0x0000000089a00000, 0x0000000089a00000|100%| E|CS|TAMS 0x0000000089900000, 0x0000000089900000| Complete 
| 118|0x0000000089a00000, 0x0000000089b00000, 0x0000000089b00000|100%| E|CS|TAMS 0x0000000089a00000, 0x0000000089a00000| Complete 
| 119|0x0000000089b00000, 0x0000000089c00000, 0x0000000089c00000|100%| E|CS|TAMS 0x0000000089b00000, 0x0000000089b00000| Complete 
| 120|0x0000000089c00000, 0x0000000089d00000, 0x0000000089d00000|100%| E|CS|TAMS 0x0000000089c00000, 0x0000000089c00000| Complete 
| 121|0x0000000089d00000, 0x0000000089e00000, 0x0000000089e00000|100%| E|CS|TAMS 0x0000000089d00000, 0x0000000089d00000| Complete 
| 122|0x0000000089e00000, 0x0000000089f00000, 0x0000000089f00000|100%| E|CS|TAMS 0x0000000089e00000, 0x0000000089e00000| Complete 
| 123|0x0000000089f00000, 0x000000008a000000, 0x000000008a000000|100%| E|CS|TAMS 0x0000000089f00000, 0x0000000089f00000| Complete 
| 124|0x000000008a000000, 0x000000008a100000, 0x000000008a100000|100%| E|CS|TAMS 0x000000008a000000, 0x000000008a000000| Complete 
| 125|0x000000008a100000, 0x000000008a200000, 0x000000008a200000|100%| E|CS|TAMS 0x000000008a100000, 0x000000008a100000| Complete 

Card table byte_map: [0x000000001a1d0000,0x000000001a5c0000] _byte_map_base: 0x0000000019dbe000

Marking Bits (Prev, Next): (CMBitMap*) 0x000000001e8bae90, (CMBitMap*) 0x000000001e8baed0
 Prev Bits: [0x000000001a9b0000, 0x000000001c920000)
 Next Bits: [0x000000001c920000, 0x000000001e890000)

Polling page: 0x0000000000240000

Metaspace:

Usage:
  Non-class:     14.47 MB used.
      Class:      2.04 MB used.
       Both:     16.51 MB used.

Virtual space:
  Non-class space:       64.00 MB reserved,      14.56 MB ( 23%) committed,  1 nodes.
      Class space:        1.00 GB reserved,       2.13 MB ( <1%) committed,  1 nodes.
             Both:        1.06 GB reserved,      16.69 MB (  2%) committed. 

Chunk freelists:
   Non-Class:  1.39 MB
       Class:  13.81 MB
        Both:  15.21 MB

MaxMetaspaceSize: unlimited
CompressedClassSpaceSize: 1.00 GB
Initial GC threshold: 21.00 MB
Current GC threshold: 21.00 MB
CDS: on
MetaspaceReclaimPolicy: balanced
 - commit_granule_bytes: 65536.
 - commit_granule_words: 8192.
 - virtual_space_node_default_size: 8388608.
 - enlarge_chunks_in_place: 1.
 - new_chunks_are_fully_committed: 0.
 - uncommit_free_chunks: 1.
 - use_allocation_guard: 0.
 - handle_deallocations: 1.


Internal statistics:

num_allocs_failed_limit: 0.
num_arena_births: 206.
num_arena_deaths: 0.
num_vsnodes_births: 2.
num_vsnodes_deaths: 0.
num_space_committed: 267.
num_space_uncommitted: 0.
num_chunks_returned_to_freelist: 0.
num_chunks_taken_from_freelist: 794.
num_chunk_merges: 0.
num_chunk_splits: 532.
num_chunks_enlarged: 408.
num_inconsistent_stats: 0.

CodeHeap 'non-profiled nmethods': size=120000Kb used=946Kb max_used=946Kb free=119053Kb
 bounds [0x0000000012030000, 0x00000000122a0000, 0x0000000019560000]
CodeHeap 'profiled nmethods': size=120000Kb used=4860Kb max_used=4860Kb free=115140Kb
 bounds [0x000000000a560000, 0x000000000aa20000, 0x0000000011a90000]
CodeHeap 'non-nmethods': size=5760Kb used=1194Kb max_used=1224Kb free=4565Kb
 bounds [0x0000000011a90000, 0x0000000011d00000, 0x0000000012030000]
 total_blobs=2895 nmethods=2403 adapters=404
 compilation: enabled
              stopped_count=0, restarted_count=0
 full_count=0

Compilation events (20 events):
Event: 33.390 Thread 0x000000002190a570 nmethod 2325 0x0000000012119d90 code [0x0000000012119f20, 0x0000000012119ff8]
Event: 33.391 Thread 0x000000002190a570 2326       3       java.lang.PublicMethods::merge (81 bytes)
Event: 33.391 Thread 0x000000002190a570 nmethod 2326 0x000000000a9e7210 code [0x000000000a9e7460, 0x000000000a9e7e88]
Event: 33.391 Thread 0x000000002190a570 2327       3       java.lang.PublicMethods$Key::<init> (24 bytes)
Event: 33.392 Thread 0x000000002190a570 nmethod 2327 0x000000000a9e8290 code [0x000000000a9e8460, 0x000000000a9e87d8]
Event: 33.392 Thread 0x000000002190a570 2328       1       java.util.concurrent.atomic.AtomicInteger::set (6 bytes)
Event: 33.392 Thread 0x000000002190a570 nmethod 2328 0x000000001211a090 code [0x000000001211a220, 0x000000001211a2f8]
Event: 33.392 Thread 0x000000002190a570 2330       1       sun.reflect.generics.repository.AbstractRepository::getFactory (5 bytes)
Event: 33.392 Thread 0x000000002190a570 nmethod 2330 0x000000001211a390 code [0x000000001211a520, 0x000000001211a5f8]
Event: 33.392 Thread 0x000000002190a570 2331       3       sun.reflect.generics.reflectiveObjects.ParameterizedTypeImpl::getActualTypeArguments (11 bytes)
Event: 33.393 Thread 0x000000002190a570 nmethod 2331 0x000000000a9e8990 code [0x000000000a9e8b40, 0x000000000a9e8e28]
Event: 33.393 Thread 0x000000002190a570 2332       3       org.springframework.beans.factory.support.DefaultSingletonBeanRegistry::containsSingleton (11 bytes)
Event: 33.394 Thread 0x000000002190a570 nmethod 2332 0x000000000a9e8f10 code [0x000000000a9e90c0, 0x000000000a9e9288]
Event: 33.394 Thread 0x000000002190a570 2333       1       org.springframework.beans.factory.support.AbstractBeanDefinition::getFactoryBeanName (5 bytes)
Event: 33.394 Thread 0x000000002190a570 nmethod 2333 0x000000001211a690 code [0x000000001211a820, 0x000000001211a8f8]
Event: 33.394 Thread 0x000000002190a570 2334       1       org.springframework.beans.factory.support.AbstractBeanDefinition::isAbstract (5 bytes)
Event: 33.394 Thread 0x000000002190a570 nmethod 2334 0x000000001211a990 code [0x000000001211ab20, 0x000000001211abf8]
Event: 33.394 Thread 0x000000002190a570 2335       3       org.springframework.beans.factory.support.AbstractBeanFactory::getMergedLocalBeanDefinition (38 bytes)
Event: 33.394 Thread 0x000000002190a570 nmethod 2335 0x000000000a9e9390 code [0x000000000a9e9580, 0x000000000a9e9b08]
Event: 33.395 Thread 0x000000002190a570 2336       3       org.springframework.beans.factory.support.AbstractBeanFactory::isTypeMatch (619 bytes)

GC Heap History (4 events):
Event: 29.249 GC heap before
{Heap before GC invocations=0 (full 0):
 garbage-first heap   total 129024K, used 22528K [0x0000000082400000, 0x0000000100000000)
  region size 1024K, 23 young (23552K), 0 survivors (0K)
 Metaspace       used 6193K, committed 6336K, reserved 1114112K
  class space    used 731K, committed 832K, reserved 1048576K
}
Event: 29.258 GC heap after
{Heap after GC invocations=1 (full 0):
 garbage-first heap   total 129024K, used 6165K [0x0000000082400000, 0x0000000100000000)
  region size 1024K, 3 young (3072K), 3 survivors (3072K)
 Metaspace       used 6193K, committed 6336K, reserved 1114112K
  class space    used 731K, committed 832K, reserved 1048576K
}
Event: 32.051 GC heap before
{Heap before GC invocations=1 (full 0):
 garbage-first heap   total 129024K, used 33813K [0x0000000082400000, 0x0000000100000000)
  region size 1024K, 31 young (31744K), 3 survivors (3072K)
 Metaspace       used 13314K, committed 13568K, reserved 1114112K
  class space    used 1623K, committed 1728K, reserved 1048576K
}
Event: 32.060 GC heap after
{Heap after GC invocations=2 (full 0):
 garbage-first heap   total 129024K, used 8415K [0x0000000082400000, 0x0000000100000000)
  region size 1024K, 3 young (3072K), 3 survivors (3072K)
 Metaspace       used 13314K, committed 13568K, reserved 1114112K
  class space    used 1623K, committed 1728K, reserved 1048576K
}

Dll operation events (9 events):
Event: 0.073 Loaded shared library C:\Users\Иван\.jdks\corretto-17.0.7\bin\java.dll
Event: 0.086 Loaded shared library C:\Users\Иван\.jdks\corretto-17.0.7\bin\jsvml.dll
Event: 3.930 Loaded shared library C:\Users\Иван\.jdks\corretto-17.0.7\bin\zip.dll
Event: 3.932 Loaded shared library C:\Users\Иван\.jdks\corretto-17.0.7\bin\instrument.dll
Event: 3.940 Loaded shared library C:\Users\Иван\.jdks\corretto-17.0.7\bin\net.dll
Event: 3.943 Loaded shared library C:\Users\Иван\.jdks\corretto-17.0.7\bin\nio.dll
Event: 4.043 Loaded shared library C:\Users\Иван\.jdks\corretto-17.0.7\bin\zip.dll
Event: 25.303 Loaded shared library C:\Program Files\JetBrains\IntelliJ IDEA Community Edition 2022.3.2\bin\breakgen64.dll
Event: 27.037 Loaded shared library C:\Users\Иван\.jdks\corretto-17.0.7\bin\jimage.dll

Deoptimization events (20 events):
Event: 33.198 Thread 0x0000000000398aa0 Uncommon trap: trap_request=0xffffffbe fr.pc=0x00000000121135e4 relative=0x0000000000001844
Event: 33.198 Thread 0x0000000000398aa0 Uncommon trap: reason=profile_predicate action=maybe_recompile pc=0x00000000121135e4 method=jdk.internal.jimage.ImageStringsReader.stringFromByteBufferMatches(Ljava/nio/ByteBuffer;ILjava/lang/String;I)I @ 19 c2
Event: 33.198 Thread 0x0000000000398aa0 DEOPT PACKING pc=0x00000000121135e4 sp=0x00000000022fdd10
Event: 33.198 Thread 0x0000000000398aa0 DEOPT UNPACKING pc=0x0000000011ae69a3 sp=0x00000000022fda68 mode 2
Event: 33.274 Thread 0x0000000000398aa0 Uncommon trap: trap_request=0xffffffde fr.pc=0x00000000120883f8 relative=0x0000000000000178
Event: 33.274 Thread 0x0000000000398aa0 Uncommon trap: reason=class_check action=maybe_recompile pc=0x00000000120883f8 method=java.lang.String.equals(Ljava/lang/Object;)Z @ 8 c2
Event: 33.275 Thread 0x0000000000398aa0 DEOPT PACKING pc=0x00000000120883f8 sp=0x00000000022fe5d0
Event: 33.275 Thread 0x0000000000398aa0 DEOPT UNPACKING pc=0x0000000011ae69a3 sp=0x00000000022fe558 mode 2
Event: 33.275 Thread 0x0000000000398aa0 Uncommon trap: trap_request=0xffffffde fr.pc=0x00000000120883f8 relative=0x0000000000000178
Event: 33.275 Thread 0x0000000000398aa0 Uncommon trap: reason=class_check action=maybe_recompile pc=0x00000000120883f8 method=java.lang.String.equals(Ljava/lang/Object;)Z @ 8 c2
Event: 33.275 Thread 0x0000000000398aa0 DEOPT PACKING pc=0x00000000120883f8 sp=0x00000000022fe5d0
Event: 33.275 Thread 0x0000000000398aa0 DEOPT UNPACKING pc=0x0000000011ae69a3 sp=0x00000000022fe558 mode 2
Event: 33.275 Thread 0x0000000000398aa0 Uncommon trap: trap_request=0xffffffde fr.pc=0x00000000120883f8 relative=0x0000000000000178
Event: 33.275 Thread 0x0000000000398aa0 Uncommon trap: reason=class_check action=maybe_recompile pc=0x00000000120883f8 method=java.lang.String.equals(Ljava/lang/Object;)Z @ 8 c2
Event: 33.275 Thread 0x0000000000398aa0 DEOPT PACKING pc=0x00000000120883f8 sp=0x00000000022fe5d0
Event: 33.275 Thread 0x0000000000398aa0 DEOPT UNPACKING pc=0x0000000011ae69a3 sp=0x00000000022fe558 mode 2
Event: 33.276 Thread 0x0000000000398aa0 Uncommon trap: trap_request=0xffffffde fr.pc=0x00000000120883f8 relative=0x0000000000000178
Event: 33.276 Thread 0x0000000000398aa0 Uncommon trap: reason=class_check action=maybe_recompile pc=0x00000000120883f8 method=java.lang.String.equals(Ljava/lang/Object;)Z @ 8 c2
Event: 33.276 Thread 0x0000000000398aa0 DEOPT PACKING pc=0x00000000120883f8 sp=0x00000000022fe240
Event: 33.276 Thread 0x0000000000398aa0 DEOPT UNPACKING pc=0x0000000011ae69a3 sp=0x00000000022fe1c8 mode 2

Classes unloaded (0 events):
No events

Classes redefined (0 events):
No events

Internal exceptions (20 events):
Event: 29.464 Thread 0x0000000000398aa0 Exception <a 'java/lang/NoSuchMethodError'{0x0000000089eedde0}: 'void java.lang.invoke.DirectMethodHandle$Holder.invokeStaticInit(java.lang.Object, java.lang.Object, java.lang.Object)'> (0x0000000089eedde0) 
thrown [s\src\hotspot\share\interpreter\linkResolver.cpp, line 759]
Event: 29.475 Thread 0x0000000000398aa0 Exception <a 'java/lang/NoSuchMethodError'{0x0000000089d00800}: 'java.lang.Object java.lang.invoke.DirectMethodHandle$Holder.invokeStatic(java.lang.Object, java.lang.Object, long, java.lang.Object)'> (0x0000000089d00800) 
thrown [s\src\hotspot\share\interpreter\linkResolver.cpp, line 759]
Event: 29.475 Thread 0x0000000000398aa0 Exception <a 'java/lang/NoSuchMethodError'{0x0000000089d04298}: 'java.lang.Object java.lang.invoke.DirectMethodHandle$Holder.invokeStaticInit(java.lang.Object, java.lang.Object, long, java.lang.Object)'> (0x0000000089d04298) 
thrown [s\src\hotspot\share\interpreter\linkResolver.cpp, line 759]
Event: 29.476 Thread 0x0000000000398aa0 Exception <a 'java/lang/NoSuchMethodError'{0x0000000089d0a9d8}: 'java.lang.Object java.lang.invoke.DirectMethodHandle$Holder.newInvokeSpecial(java.lang.Object, java.lang.Object, long)'> (0x0000000089d0a9d8) 
thrown [s\src\hotspot\share\interpreter\linkResolver.cpp, line 759]
Event: 29.476 Thread 0x0000000000398aa0 Exception <a 'java/lang/NoSuchMethodError'{0x0000000089d0e548}: 'java.lang.Object java.lang.invoke.Invokers$Holder.linkToTargetMethod(java.lang.Object, long, java.lang.Object)'> (0x0000000089d0e548) 
thrown [s\src\hotspot\share\interpreter\linkResolver.cpp, line 759]
Event: 29.519 Thread 0x0000000000398aa0 Exception <a 'java/lang/NoSuchMethodError'{0x0000000089d531c8}: 'void java.lang.invoke.DirectMethodHandle$Holder.invokeVirtual(java.lang.Object, java.lang.Object, java.lang.Object, java.lang.Object)'> (0x0000000089d531c8) 
thrown [s\src\hotspot\share\interpreter\linkResolver.cpp, line 759]
Event: 29.681 Thread 0x0000000000398aa0 Exception <a 'java/lang/NoSuchMethodError'{0x0000000089cbc4b8}: 'void java.lang.invoke.DirectMethodHandle$Holder.invokeSpecial(java.lang.Object, java.lang.Object, java.lang.Object)'> (0x0000000089cbc4b8) 
thrown [s\src\hotspot\share\interpreter\linkResolver.cpp, line 759]
Event: 29.682 Thread 0x0000000000398aa0 Exception <a 'java/lang/NoSuchMethodError'{0x0000000089cc2a90}: 'void java.lang.invoke.DirectMethodHandle$Holder.invokeSpecial(java.lang.Object, java.lang.Object, java.lang.Object, java.lang.Object, java.lang.Object)'> (0x0000000089cc2a90) 
thrown [s\src\hotspot\share\interpreter\linkResolver.cpp, line 759]
Event: 29.747 Thread 0x0000000000398aa0 Exception <a 'java/lang/IncompatibleClassChangeError'{0x0000000089b3fbb0}: Found class java.lang.Object, but interface was expected> (0x0000000089b3fbb0) 
thrown [s\src\hotspot\share\interpreter\linkResolver.cpp, line 826]
Event: 30.909 Thread 0x0000000000398aa0 Exception <a 'java/lang/NoSuchMethodError'{0x0000000089456398}: 'java.lang.Object java.lang.invoke.DirectMethodHandle$Holder.invokeStatic(java.lang.Object, int, java.lang.Object)'> (0x0000000089456398) 
thrown [s\src\hotspot\share\interpreter\linkResolver.cpp, line 759]
Event: 31.863 Thread 0x0000000000398aa0 Exception <a 'java/lang/NoSuchMethodError'{0x0000000088589598}: 'int java.lang.invoke.DirectMethodHandle$Holder.invokeSpecial(java.lang.Object, java.lang.Object, java.lang.Object, java.lang.Object, java.lang.Object)'> (0x0000000088589598) 
thrown [s\src\hotspot\share\interpreter\linkResolver.cpp, line 759]
Event: 31.867 Thread 0x0000000000398aa0 Exception <a 'java/lang/NoSuchMethodError'{0x0000000088592528}: 'void java.lang.invoke.DirectMethodHandle$Holder.invokeVirtual(java.lang.Object, java.lang.Object)'> (0x0000000088592528) 
thrown [s\src\hotspot\share\interpreter\linkResolver.cpp, line 759]
Event: 32.378 Thread 0x000000002f6da720 Exception <a 'java/lang/NoSuchMethodError'{0x0000000089ad8ab0}: 'long java.lang.invoke.DirectMethodHandle$Holder.invokeSpecial(java.lang.Object, java.lang.Object)'> (0x0000000089ad8ab0) 
thrown [s\src\hotspot\share\interpreter\linkResolver.cpp, line 759]
Event: 32.381 Thread 0x000000002f6da720 Exception <a 'java/lang/NoSuchMethodError'{0x0000000089ae3cd8}: 'long java.lang.invoke.DirectMethodHandle$Holder.invokeStatic(java.lang.Object, java.lang.Object)'> (0x0000000089ae3cd8) 
thrown [s\src\hotspot\share\interpreter\linkResolver.cpp, line 759]
Event: 32.382 Thread 0x000000002f6da720 Exception <a 'java/lang/NoSuchMethodError'{0x0000000089ae72d8}: 'long java.lang.invoke.DirectMethodHandle$Holder.invokeStaticInit(java.lang.Object, java.lang.Object)'> (0x0000000089ae72d8) 
thrown [s\src\hotspot\share\interpreter\linkResolver.cpp, line 759]
Event: 32.398 Thread 0x000000002f6da720 Exception <a 'java/lang/NoSuchMethodError'{0x0000000089af4e80}: 'long java.lang.invoke.DirectMethodHandle$Holder.invokeInterface(java.lang.Object, java.lang.Object)'> (0x0000000089af4e80) 
thrown [s\src\hotspot\share\interpreter\linkResolver.cpp, line 759]
Event: 32.399 Thread 0x000000002f6da720 Exception <a 'java/lang/IncompatibleClassChangeError'{0x0000000089af8410}: Found class java.lang.Object, but interface was expected> (0x0000000089af8410) 
thrown [s\src\hotspot\share\interpreter\linkResolver.cpp, line 826]
Event: 32.477 Thread 0x000000002f6da720 Exception <a 'java/lang/NoSuchMethodError'{0x0000000089867ea0}: 'java.lang.Object java.lang.invoke.DirectMethodHandle$Holder.invokeVirtual(java.lang.Object, java.lang.Object, java.lang.Object, java.lang.Object)'> (0x0000000089867ea0) 
thrown [s\src\hotspot\share\interpreter\linkResolver.cpp, line 759]
Event: 32.798 Thread 0x0000000000398aa0 Exception <a 'java/lang/IncompatibleClassChangeError'{0x00000000896b33a0}: Found class java.lang.Object, but interface was expected> (0x00000000896b33a0) 
thrown [s\src\hotspot\share\interpreter\linkResolver.cpp, line 826]
Event: 32.896 Thread 0x0000000000398aa0 Exception <a 'java/lang/NoSuchMethodError'{0x00000000895e4198}: 'void java.lang.invoke.DirectMethodHandle$Holder.invokeInterface(java.lang.Object, java.lang.Object, java.lang.Object, java.lang.Object)'> (0x00000000895e4198) 
thrown [s\src\hotspot\share\interpreter\linkResolver.cpp, line 759]

VM Operations (20 events):
Event: 28.874 Executing VM operation: HandshakeAllThreads
Event: 28.874 Executing VM operation: HandshakeAllThreads done
Event: 29.249 Executing VM operation: G1CollectForAllocation
Event: 29.259 Executing VM operation: G1CollectForAllocation done
Event: 29.380 Executing VM operation: HandshakeAllThreads
Event: 29.380 Executing VM operation: HandshakeAllThreads done
Event: 29.677 Executing VM operation: HandshakeAllThreads
Event: 29.677 Executing VM operation: HandshakeAllThreads done
Event: 29.677 Executing VM operation: HandshakeAllThreads
Event: 29.677 Executing VM operation: HandshakeAllThreads done
Event: 30.677 Executing VM operation: Cleanup
Event: 30.677 Executing VM operation: Cleanup done
Event: 31.799 Executing VM operation: HandshakeAllThreads
Event: 31.799 Executing VM operation: HandshakeAllThreads done
Event: 31.799 Executing VM operation: Cleanup
Event: 31.799 Executing VM operation: Cleanup done
Event: 32.051 Executing VM operation: G1CollectForAllocation
Event: 32.060 Executing VM operation: G1CollectForAllocation done
Event: 33.354 Executing VM operation: ICBufferFull
Event: 33.355 Executing VM operation: ICBufferFull done

Events (20 events):
Event: 31.872 loading class java/util/regex/Pattern$Loop done
Event: 31.872 loading class java/util/regex/Pattern$LazyLoop done
Event: 31.872 loading class java/util/regex/Pattern$Prolog
Event: 31.872 loading class java/util/regex/Pattern$Prolog done
Event: 31.921 loading class java/lang/AssertionError
Event: 31.922 loading class java/lang/AssertionError done
Event: 32.062 Thread 0x000000002fe3ff30 Thread added: 0x000000002fe3ff30
Event: 32.361 loading class java/util/regex/Pattern$BnM
Event: 32.361 loading class java/util/regex/Pattern$BnM done
Event: 32.361 loading class java/util/regex/Pattern$Pos
Event: 32.362 loading class java/util/regex/Pattern$Pos done
Event: 32.392 Thread 0x000000002ff37cf0 Thread added: 0x000000002ff37cf0
Event: 32.496 loading class javax/naming/ldap/LdapContext
Event: 32.496 loading class javax/naming/directory/DirContext
Event: 32.496 loading class javax/naming/directory/DirContext done
Event: 32.496 loading class javax/naming/ldap/LdapContext done
Event: 32.497 Thread 0x000000002f6da720 Thread exited: 0x000000002f6da720
Event: 32.561 Thread 0x000000002ff37cf0 Thread exited: 0x000000002ff37cf0
Event: 32.768 Thread 0x000000002fe3ff30 Thread exited: 0x000000002fe3ff30
Event: 33.070 Thread 0x000000002ff37cf0 Thread added: 0x000000002ff37cf0


Dynamic libraries:
0x000000013fea0000 - 0x000000013fead000 	C:\Users\Иван\.jdks\corretto-17.0.7\bin\java.exe
0x0000000076e50000 - 0x0000000076fef000 	C:\Windows\SYSTEM32\ntdll.dll
0x000007feec1b0000 - 0x000007feec1c9000 	C:\Program Files\Avast Software\Avast\aswhook.dll
0x0000000076c30000 - 0x0000000076d4f000 	C:\Windows\system32\kernel32.dll
0x000007fefcca0000 - 0x000007fefcd0a000 	C:\Windows\system32\KERNELBASE.dll
0x000007fef49f0000 - 0x000007fef4a07000 	C:\Users\Иван\.jdks\corretto-17.0.7\bin\jli.dll
0x000007fefb2e0000 - 0x000007fefb4d4000 	C:\Windows\WinSxS\amd64_microsoft.windows.common-controls_6595b64144ccf1df_6.0.7601.23403_none_e36ad4593102f066\COMCTL32.dll
0x000007fefea70000 - 0x000007fefeb0f000 	C:\Windows\system32\msvcrt.dll
0x000007fefee80000 - 0x000007fefeee7000 	C:\Windows\system32\GDI32.dll
0x0000000076d50000 - 0x0000000076e4a000 	C:\Windows\system32\USER32.dll
0x000007fefce60000 - 0x000007fefce6e000 	C:\Windows\system32\LPK.dll
0x000007feff070000 - 0x000007feff13b000 	C:\Windows\system32\USP10.dll
0x000007fefe9f0000 - 0x000007fefea61000 	C:\Windows\system32\SHLWAPI.dll
0x000007fef5040000 - 0x000007fef5055000 	C:\Users\Иван\.jdks\corretto-17.0.7\bin\VCRUNTIME140.dll
0x000007fef86f0000 - 0x000007fef86f4000 	C:\Users\Иван\.jdks\corretto-17.0.7\bin\api-ms-win-crt-runtime-l1-1-0.dll
0x000007fedba30000 - 0x000007fedbb2c000 	C:\Users\Иван\.jdks\corretto-17.0.7\bin\ucrtbase.DLL
0x000007fefb7a0000 - 0x000007fefb7a3000 	C:\Users\Иван\.jdks\corretto-17.0.7\bin\api-ms-win-core-localization-l1-2-0.dll
0x000007fef49d0000 - 0x000007fef49d3000 	C:\Users\Иван\.jdks\corretto-17.0.7\bin\api-ms-win-core-processthreads-l1-1-1.dll
0x000007fef49e0000 - 0x000007fef49e3000 	C:\Users\Иван\.jdks\corretto-17.0.7\bin\api-ms-win-core-file-l1-2-0.dll
0x000007fef49b0000 - 0x000007fef49b3000 	C:\Users\Иван\.jdks\corretto-17.0.7\bin\api-ms-win-core-timezone-l1-1-0.dll
0x000007fef49c0000 - 0x000007fef49c3000 	C:\Users\Иван\.jdks\corretto-17.0.7\bin\api-ms-win-core-file-l2-1-0.dll
0x000007fef4990000 - 0x000007fef4993000 	C:\Users\Иван\.jdks\corretto-17.0.7\bin\api-ms-win-core-synch-l1-2-0.dll
0x000007fef49a0000 - 0x000007fef49a3000 	C:\Users\Иван\.jdks\corretto-17.0.7\bin\api-ms-win-crt-heap-l1-1-0.dll
0x000007fef4970000 - 0x000007fef4974000 	C:\Users\Иван\.jdks\corretto-17.0.7\bin\api-ms-win-crt-string-l1-1-0.dll
0x000007fef4980000 - 0x000007fef4984000 	C:\Users\Иван\.jdks\corretto-17.0.7\bin\api-ms-win-crt-stdio-l1-1-0.dll
0x000007fef2a00000 - 0x000007fef2a04000 	C:\Users\Иван\.jdks\corretto-17.0.7\bin\api-ms-win-crt-convert-l1-1-0.dll
0x000007fef4960000 - 0x000007fef4963000 	C:\Users\Иван\.jdks\corretto-17.0.7\bin\api-ms-win-crt-environment-l1-1-0.dll
0x000007fef29e0000 - 0x000007fef29e3000 	C:\Users\Иван\.jdks\corretto-17.0.7\bin\api-ms-win-crt-filesystem-l1-1-0.dll
0x000007fef29f0000 - 0x000007fef29f5000 	C:\Users\Иван\.jdks\corretto-17.0.7\bin\api-ms-win-crt-math-l1-1-0.dll
0x000007feedde0000 - 0x000007feedde3000 	C:\Users\Иван\.jdks\corretto-17.0.7\bin\api-ms-win-crt-locale-l1-1-0.dll
0x000007feff040000 - 0x000007feff06e000 	C:\Windows\system32\IMM32.DLL
0x000007fefeb90000 - 0x000007fefec99000 	C:\Windows\system32\MSCTF.dll
0x000007feebde0000 - 0x000007feebe7b000 	C:\Users\Иван\.jdks\corretto-17.0.7\bin\msvcp140.dll
0x000007fef29d0000 - 0x000007fef29d3000 	C:\Users\Иван\.jdks\corretto-17.0.7\bin\api-ms-win-crt-time-l1-1-0.dll
0x000007feeddc0000 - 0x000007feeddc3000 	C:\Users\Иван\.jdks\corretto-17.0.7\bin\api-ms-win-crt-utility-l1-1-0.dll
0x000007fec7450000 - 0x000007fec806a000 	C:\Users\Иван\.jdks\corretto-17.0.7\bin\server\jvm.dll
0x000007fefcf10000 - 0x000007fefcfeb000 	C:\Windows\system32\ADVAPI32.dll
0x000007fefeef0000 - 0x000007fefef0f000 	C:\Windows\SYSTEM32\sechost.dll
0x000007fefef10000 - 0x000007feff03d000 	C:\Windows\system32\RPCRT4.dll
0x000007fef9280000 - 0x000007fef9289000 	C:\Windows\system32\WSOCK32.dll
0x000007fefcd70000 - 0x000007fefcdbd000 	C:\Windows\system32\WS2_32.dll
0x000007fefcd60000 - 0x000007fefcd68000 	C:\Windows\system32\NSI.dll
0x000007fef23f0000 - 0x000007fef242b000 	C:\Windows\system32\WINMM.dll
0x000007fefba80000 - 0x000007fefba8c000 	C:\Windows\system32\VERSION.dll
0x000007feeddd0000 - 0x000007feeddda000 	C:\Users\Иван\.jdks\corretto-17.0.7\bin\jimage.dll
0x000007fef9f90000 - 0x000007fefa0b5000 	C:\Windows\system32\DBGHELP.DLL
0x000007fef4a90000 - 0x000007fef4a9e000 	C:\Users\Иван\.jdks\corretto-17.0.7\bin\instrument.dll
0x000007feedb60000 - 0x000007feedb85000 	C:\Users\Иван\.jdks\corretto-17.0.7\bin\java.dll
0x000007fedbb60000 - 0x000007fedbc36000 	C:\Users\Иван\.jdks\corretto-17.0.7\bin\jsvml.dll
0x000007fefd380000 - 0x000007fefe10a000 	C:\Windows\system32\SHELL32.dll
0x000007fefd180000 - 0x000007fefd37f000 	C:\Windows\system32\ole32.dll
0x000007fefc9a0000 - 0x000007fefc9af000 	C:\Windows\system32\profapi.dll
0x000007feec1d0000 - 0x000007feec1e8000 	C:\Users\Иван\.jdks\corretto-17.0.7\bin\zip.dll
0x000007feedda0000 - 0x000007feeddb9000 	C:\Users\Иван\.jdks\corretto-17.0.7\bin\net.dll
0x000007fef6eb0000 - 0x000007fef6f21000 	C:\Windows\system32\WINHTTP.dll
0x000007fef6e40000 - 0x000007fef6ea5000 	C:\Windows\system32\webio.dll
0x000007fefc0e0000 - 0x000007fefc135000 	C:\Windows\system32\mswsock.dll
0x000007fefc0d0000 - 0x000007fefc0d7000 	C:\Windows\System32\wship6.dll
0x000007feedd80000 - 0x000007feedd95000 	C:\Users\Иван\.jdks\corretto-17.0.7\bin\nio.dll
0x000007fef2a40000 - 0x000007fef2a5a000 	C:\Program Files\JetBrains\IntelliJ IDEA Community Edition 2022.3.2\bin\breakgen64.dll

dbghelp: loaded successfully - version: 4.0.5 - missing functions: none
symbol engine: initialized successfully - sym options: 0x614 - pdb path: .;C:\Users\Иван\.jdks\corretto-17.0.7\bin;C:\Windows\SYSTEM32;C:\Program Files\Avast Software\Avast;C:\Windows\WinSxS\amd64_microsoft.windows.common-controls_6595b64144ccf1df_6.0.7601.23403_none_e36ad4593102f066;C:\Users\Иван\.jdks\corretto-17.0.7\bin\server;C:\Program Files\JetBrains\IntelliJ IDEA Community Edition 2022.3.2\bin

VM Arguments:
jvm_args: -javaagent:C:\Program Files\JetBrains\IntelliJ IDEA Community Edition 2022.3.2\lib\idea_rt.jar=51566:C:\Program Files\JetBrains\IntelliJ IDEA Community Edition 2022.3.2\bin -Dfile.encoding=UTF-8 
java_command: com.example.telegrambot.TelegramBotApplication
java_class_path (initial): C:\TelegramBot\telegram-bot\target\test-classes;C:\TelegramBot\telegram-bot\target\classes;C:\Users\Иван\.m2\repository\org\springframework\boot\spring-boot-starter-web\3.0.6\spring-boot-starter-web-3.0.6.jar;C:\Users\Иван\.m2\repository\org\springframework\boot\spring-boot-starter\3.0.6\spring-boot-starter-3.0.6.jar;C:\Users\Иван\.m2\repository\org\springframework\boot\spring-boot\3.0.6\spring-boot-3.0.6.jar;C:\Users\Иван\.m2\repository\org\springframework\boot\spring-boot-autoconfigure\3.0.6\spring-boot-autoconfigure-3.0.6.jar;C:\Users\Иван\.m2\repository\org\springframework\boot\spring-boot-starter-logging\3.0.6\spring-boot-starter-logging-3.0.6.jar;C:\Users\Иван\.m2\repository\ch\qos\logback\logback-classic\1.4.7\logback-classic-1.4.7.jar;C:\Users\Иван\.m2\repository\ch\qos\logback\logback-core\1.4.7\logback-core-1.4.7.jar;C:\Users\Иван\.m2\repository\org\apache\logging\log4j\log4j-to-slf4j\2.19.0\log4j-to-slf4j-2.19.0.jar;C:\Users\Иван\.m2\repository\org\apache\logging\log4j\log4j-api\2.19.0\log4j-api-2.19.0.jar;C:\Users\Иван\.m2\repository\org\slf4j\jul-to-slf4j\2.0.7\jul-to-slf4j-2.0.7.jar;C:\Users\Иван\.m2\repository\jakarta\annotation\jakarta.annotation-api\2.1.1\jakarta.annotation-api-2.1.1.jar;C:\Users\Иван\.m2\repository\org\yaml\snakeyaml\1.33\snakeyaml-1.33.jar;C:\Users\Иван\.m2\repository\org\springframework\boot\spring-boot-starter-json\3.0.6\spring-boot-starter-json-3.0.6.jar;C:\Users\Иван\.m2\repository\com\fasterxml\jackson\datatype\jackson-datatype-jdk8\2.14.2\jackson-datatype-jdk8-2.14.2.jar;C:\Users\Иван\.m2\repository\com\fasterxml\jackson\datatype\jackson-datatype-jsr310\2.14.2\jackson-datatype-jsr310-2.14.2.jar;C:\Users\Иван\.m2\repository\com\fasterxml\jackson\module\jackson-module-parameter-names\2.14.2\jackson-module-parameter-names-2.14.2.jar;C:\Users\Иван\.m2\repository\org\springframework\boot\spring-boot-starter-tomcat\3.0.6\spring-boot-starter-tomcat-3.0.6.jar;C:\Users\Иван\.m2\repository\org\apache\tomca
Launcher Type: SUN_STANDARD

[Global flags]
     intx CICompilerCount                          = 4                                         {product} {ergonomic}
     uint ConcGCThreads                            = 2                                         {product} {ergonomic}
     uint G1ConcRefinementThreads                  = 8                                         {product} {ergonomic}
   size_t G1HeapRegionSize                         = 1048576                                   {product} {ergonomic}
    uintx GCDrainStackTargetSize                   = 64                                        {product} {ergonomic}
   size_t InitialHeapSize                          = 132120576                                 {product} {ergonomic}
   size_t MarkStackSize                            = 4194304                                   {product} {ergonomic}
   size_t MaxHeapSize                              = 2109734912                                {product} {ergonomic}
   size_t MaxNewSize                               = 1265631232                                {product} {ergonomic}
   size_t MinHeapDeltaBytes                        = 1048576                                   {product} {ergonomic}
   size_t MinHeapSize                              = 8388608                                   {product} {ergonomic}
    uintx NonNMethodCodeHeapSize                   = 5839372                                {pd product} {ergonomic}
    uintx NonProfiledCodeHeapSize                  = 122909434                              {pd product} {ergonomic}
    uintx ProfiledCodeHeapSize                     = 122909434                              {pd product} {ergonomic}
    uintx ReservedCodeCacheSize                    = 251658240                              {pd product} {ergonomic}
     bool SegmentedCodeCache                       = true                                      {product} {ergonomic}
   size_t SoftMaxHeapSize                          = 2109734912                             {manageable} {ergonomic}
     bool UseCompressedClassPointers               = true                           {product lp64_product} {ergonomic}
     bool UseCompressedOops                        = true                           {product lp64_product} {ergonomic}
     bool UseG1GC                                  = true                                      {product} {ergonomic}
     bool UseLargePagesIndividualAllocation        = false                                  {pd product} {ergonomic}

Logging:
Log output configuration:
 #0: stdout all=warning uptime,level,tags
 #1: stderr all=off uptime,level,tags

Environment Variables:
JAVA_HOME=C:\Program Files\Java\jdk-11
PATH=C:\Users\Иван\AppData\Local\Programs\Python\Python38\Lib\site-packages;C:\Users\Иван\AppData\Local\Programs\Python\Python38\Scripts;C:\Tools\apache-maven-3.9.1\bin\;C:\Program Files\Java\jdk-11\bin\;C:\Program Files\Common Files\Oracle\Java\javapath;C:\Windows\system32;C:\Windows;C:\Windows\System32\Wbem;C:\Windows\System32\WindowsPowerShell\v1.0\;C:\Users\Иван\AppData\Local\Programs\Python\Python38\Scripts\;C:\Users\Иван\AppData\Local\Programs\Python\Python38\;C:\Users\Иван\AppData\Local\Programs\Microsoft VS Code\bin
USERNAME=Иван
OS=Windows_NT
PROCESSOR_IDENTIFIER=Intel64 Family 6 Model 42 Stepping 7, GenuineIntel
TMP=C:\Users\3C8A~1\AppData\Local\Temp
TEMP=C:\Users\3C8A~1\AppData\Local\Temp



---------------  S Y S T E M  ---------------

OS:
 Windows 7 , 64 bit Build 7601 (6.1.7601.24335)
OS uptime: 0 days 6:15 hours

CPU: total 8 (initial active 8) (4 cores per cpu, 2 threads per core) family 6 model 42 stepping 7 microcode 0x0, cx8, cmov, fxsr, ht, mmx, sse, sse2, sse3, ssse3, sse4.1, sse4.2, popcnt, tsc, tscinvbit, avx, aes, clmul, vzeroupper, clflush

Memory: 4k page, system-wide physical 8043M (972M free)
TotalPageFile size 8841M (AvailPageFile size 2M)
current process WorkingSet (physical memory assigned to process): 128M, peak: 128M
current process commit charge ("private bytes"): 270M, peak: 270M

vm_info: OpenJDK 64-Bit Server VM (17.0.7+7-LTS) for windows-amd64 JRE (17.0.7+7-LTS), built on Apr 14 2023 01:39:21 by "Administrator" with MS VC++ 15.9 (VS2017)

END.
